<?xml version="1.0" encoding="UTF-8"?>
<!-- Generated by org.testng.reporters.JUnitReportReporter -->
<testsuite skipped="1" hostname="LAPTOP-20464U94" name="testcases.LoginMT_002" tests="1" failures="0" timestamp="28 Nov 2020 18:53:19 GMT" time="0.000" errors="0">
  <testcase name="login" time="0.000" classname="testcases.LoginMT_002">
    <skipped/>
  </testcase> <!-- login -->
</testsuite> <!-- testcases.LoginMT_002 -->
